<?xml version="1.0" encoding="utf-8"?><testsuites><testsuite name="pytest" errors="0" failures="0" skipped="0" tests="3" time="16.311" timestamp="2025-05-05T11:30:25.231002+02:00" hostname="IITSCHRIWSL014"><testcase classname="tests.test_core" name="test_import_pyicub" time="0.000" /><testcase classname="tests.test_position_controller.TestPositionController" name="test_move_to_pose_and_home" time="3.675" /><testcase classname="tests.test_position_controller.TestPositionController" name="test_move_part" time="12.533" /></testsuite></testsuites>